-------------------------------------------------------------------------------
Test set: TestSuite
-------------------------------------------------------------------------------
Tests run: 17, Failures: 8, Errors: 0, Skipped: 0, Time elapsed: 32.23 s <<< FAILURE! - in TestSuite
app.facebook.api.UserTests.login  Time elapsed: 0.388 s  <<< FAILURE!
java.lang.AssertionError: expected [200] but found [400]
	at app.facebook.api.UserTests.login(UserTests.java:39)

app.facebook.api.UserTests.metadata  Time elapsed: 0.498 s  <<< FAILURE!
java.lang.NullPointerException: Cannot invoke "API.facebook.user.Metadata.getFields()" because the return value of "API.facebook.user.GetMetadataResponse.getMetadata()" is null
	at app.facebook.api.UserTests.metadata(UserTests.java:54)

app.petstore.api.CreatePetTests.createPetWithDuplicateID  Time elapsed: 1.211 s  <<< FAILURE!
java.lang.AssertionError: expected [409] but found [200]
	at app.petstore.api.CreatePetTests.createPetWithDuplicateID(CreatePetTests.java:98)

app.petstore.api.CreatePetTests.createPetWithEmptyObject  Time elapsed: 0.594 s  <<< FAILURE!
java.lang.AssertionError: expected [400] but found [200]
	at app.petstore.api.CreatePetTests.createPetWithEmptyObject(CreatePetTests.java:118)

app.petstore.api.CreatePetTests.createPetWithoutID  Time elapsed: 0.593 s  <<< FAILURE!
java.lang.AssertionError: expected [400] but found [200]
	at app.petstore.api.CreatePetTests.createPetWithoutID(CreatePetTests.java:70)

app.petstore.api.StoreTests.getInventory  Time elapsed: 0.644 s  <<< FAILURE!
java.lang.AssertionError: expected [4] but found [7]
	at app.petstore.api.StoreTests.getInventory(StoreTests.java:31)

app.petstore.api.UpdatePetTests.uploadPetImageByID  Time elapsed: 1.844 s  <<< FAILURE!
java.io.FileNotFoundException: C:\Users\itzik vaknin\Downloads\ג€�ג€�check.jpg (The system cannot find the file specified)
	at app.petstore.api.UpdatePetTests.uploadPetImageByID(UpdatePetTests.java:37)

app.petstore.user.ui.UserTests.loginValidTest  Time elapsed: 0.099 s  <<< FAILURE!
org.openqa.selenium.NoSuchSessionException: 
invalid session id
Build info: version: '4.6.0', revision: '79f1c02ae20'
System info: os.name: 'Windows 10', os.arch: 'amd64', os.version: '10.0', java.version: '17.0.5'
Driver info: org.openqa.selenium.chrome.ChromeDriver
Command: [1be893ca674dba73034f56c834ecb328, get {url=https://petstore.octoperf.com/actions/Account.action?signonForm=}]
Capabilities {acceptInsecureCerts: false, browserName: chrome, browserVersion: 108.0.5359.125, chrome: {chromedriverVersion: 108.0.5359.71 (1e0e3868ee06..., userDataDir: C:\Users\ITZIKV~1\AppData\L...}, goog:chromeOptions: {debuggerAddress: localhost:53983}, networkConnectionEnabled: false, pageLoadStrategy: normal, platformName: WINDOWS, proxy: Proxy(), se:cdp: ws://localhost:53983/devtoo..., se:cdpVersion: 108.0.5359.125, setWindowRect: true, strictFileInteractability: false, timeouts: {implicit: 0, pageLoad: 300000, script: 30000}, unhandledPromptBehavior: dismiss and notify, webauthn:extension:credBlob: true, webauthn:extension:largeBlob: true, webauthn:virtualAuthenticators: true}
Session ID: 1be893ca674dba73034f56c834ecb328
	at app.petstore.user.ui.UserTests.loginValidTest(UserTests.java:33)

